<?xml version="1.0" encoding="UTF-8"?>
<!-- Generated by org.testng.reporters.JUnitReportReporter -->
<testsuite hostname="Little" name="com.qa.tests.HomePageTest" tests="3" failures="0" timestamp="14 May 2024 04:57:47 GMT" time="1.010" errors="0">
  <testcase name="SearchTest" time="0.979" classname="com.qa.tests.HomePageTest"/>
  <testcase name="homePageTitleTest" time="0.031" classname="com.qa.tests.HomePageTest"/>
  <testcase name="homePageUrlTest" time="0.000" classname="com.qa.tests.HomePageTest"/>
</testsuite> <!-- com.qa.tests.HomePageTest -->
